# JRE version: Java(TM) SE Runtime Environment (8.0_92-b14) (build 1.8.0_92-b14)
# Java VM: Java HotSpot(TM) 64-Bit Server VM (25.92-b14 mixed mode bsd-amd64 compressed oops)
Heap:
 PSYoungGen      total 61952K, used 7974K [0x000000076ab00000, 0x000000076ef00000, 0x00000007c0000000)
  eden space 56320K, 13% used [0x000000076ab00000,0x000000076b2b1ab8,0x000000076e200000)
  from space 5632K, 1% used [0x000000076e980000,0x000000076e998000,0x000000076ef00000)
  to   space 6656K, 0% used [0x000000076e200000,0x000000076e200000,0x000000076e880000)
 ParOldGen       total 175104K, used 2922K [0x00000006c0000000, 0x00000006cab00000, 0x000000076ab00000)
  object space 175104K, 1% used [0x00000006c0000000,0x00000006c02da9f8,0x00000006cab00000)
 Metaspace       used 11630K, capacity 11769K, committed 11904K, reserved 1060864K
  class space    used 1037K, capacity 1106K, committed 1152K, reserved 1048576K
GC Heap History (10 events):
Event: 27.683 GC heap before
{Heap before GC invocations=8 (full 0):
 PSYoungGen      total 61952K, used 61600K [0x000000076ab00000, 0x000000076f400000, 0x00000007c0000000)
  eden space 61440K, 100% used [0x000000076ab00000,0x000000076e700000,0x000000076e700000)
  from space 512K, 31% used [0x000000076e800000,0x000000076e828000,0x000000076e880000)
  to   space 6656K, 0% used [0x000000076ed80000,0x000000076ed80000,0x000000076f400000)
 ParOldGen       total 175104K, used 2858K [0x00000006c0000000, 0x00000006cab00000, 0x000000076ab00000)
  object space 175104K, 1% used [0x00000006c0000000,0x00000006c02ca9f8,0x00000006cab00000)
 Metaspace       used 11611K, capacity 11769K, committed 11904K, reserved 1060864K
  class space    used 1036K, capacity 1106K, committed 1152K, reserved 1048576K
Event: 27.684 GC heap after
Heap after GC invocations=8 (full 0):
 PSYoungGen      total 67072K, used 96K [0x000000076ab00000, 0x000000076f400000, 0x00000007c0000000)
  eden space 60416K, 0% used [0x000000076ab00000,0x000000076ab00000,0x000000076e600000)
  from space 6656K, 1% used [0x000000076ed80000,0x000000076ed98000,0x000000076f400000)
  to   space 7168K, 0% used [0x000000076e600000,0x000000076e600000,0x000000076ed00000)
 ParOldGen       total 175104K, used 2882K [0x00000006c0000000, 0x00000006cab00000, 0x000000076ab00000)
  object space 175104K, 1% used [0x00000006c0000000,0x00000006c02d09f8,0x00000006cab00000)
 Metaspace       used 11611K, capacity 11769K, committed 11904K, reserved 1060864K
  class space    used 1036K, capacity 1106K, committed 1152K, reserved 1048576K
}
Event: 30.802 GC heap before
{Heap before GC invocations=9 (full 0):
 PSYoungGen      total 67072K, used 60512K [0x000000076ab00000, 0x000000076f400000, 0x00000007c0000000)
  eden space 60416K, 100% used [0x000000076ab00000,0x000000076e600000,0x000000076e600000)
  from space 6656K, 1% used [0x000000076ed80000,0x000000076ed98000,0x000000076f400000)
  to   space 7168K, 0% used [0x000000076e600000,0x000000076e600000,0x000000076ed00000)
 ParOldGen       total 175104K, used 2882K [0x00000006c0000000, 0x00000006cab00000, 0x000000076ab00000)
  object space 175104K, 1% used [0x00000006c0000000,0x00000006c02d09f8,0x00000006cab00000)
 Metaspace       used 11611K, capacity 11769K, committed 11904K, reserved 1060864K
  class space    used 1036K, capacity 1106K, committed 1152K, reserved 1048576K
Event: 30.802 GC heap after
Heap after GC invocations=9 (full 0):
 PSYoungGen      total 59904K, used 128K [0x000000076ab00000, 0x000000076f300000, 0x00000007c0000000)
  eden space 59392K, 0% used [0x000000076ab00000,0x000000076ab00000,0x000000076e500000)
  from space 512K, 25% used [0x000000076e600000,0x000000076e620000,0x000000076e680000)
  to   space 7168K, 0% used [0x000000076ec00000,0x000000076ec00000,0x000000076f300000)
 ParOldGen       total 175104K, used 2898K [0x00000006c0000000, 0x00000006cab00000, 0x000000076ab00000)
  object space 175104K, 1% used [0x00000006c0000000,0x00000006c02d49f8,0x00000006cab00000)
 Metaspace       used 11611K, capacity 11769K, committed 11904K, reserved 1060864K
  class space    used 1036K, capacity 1106K, committed 1152K, reserved 1048576K
}
Event: 33.870 GC heap before
{Heap before GC invocations=10 (full 0):
 PSYoungGen      total 59904K, used 59520K [0x000000076ab00000, 0x000000076f300000, 0x00000007c0000000)
  eden space 59392K, 100% used [0x000000076ab00000,0x000000076e500000,0x000000076e500000)
  from space 512K, 25% used [0x000000076e600000,0x000000076e620000,0x000000076e680000)
  to   space 7168K, 0% used [0x000000076ec00000,0x000000076ec00000,0x000000076f300000)
 ParOldGen       total 175104K, used 2898K [0x00000006c0000000, 0x00000006cab00000, 0x000000076ab00000)
  object space 175104K, 1% used [0x00000006c0000000,0x00000006c02d49f8,0x00000006cab00000)
 Metaspace       used 11611K, capacity 11769K, committed 11904K, reserved 1060864K
  class space    used 1036K, capacity 1106K, committed 1152K, reserved 1048576K
Event: 33.871 GC heap after
Heap after GC invocations=10 (full 0):
 PSYoungGen      total 64512K, used 96K [0x000000076ab00000, 0x000000076f200000, 0x00000007c0000000)
  eden space 58368K, 0% used [0x000000076ab00000,0x000000076ab00000,0x000000076e400000)
  from space 6144K, 1% used [0x000000076ec00000,0x000000076ec18000,0x000000076f200000)
  to   space 7168K, 0% used [0x000000076e400000,0x000000076e400000,0x000000076eb00000)
 ParOldGen       total 175104K, used 2906K [0x00000006c0000000, 0x00000006cab00000, 0x000000076ab00000)
  object space 175104K, 1% used [0x00000006c0000000,0x00000006c02d69f8,0x00000006cab00000)
 Metaspace       used 11611K, capacity 11769K, committed 11904K, reserved 1060864K
  class space    used 1036K, capacity 1106K, committed 1152K, reserved 1048576K
}
Event: 36.888 GC heap before
{Heap before GC invocations=11 (full 0):
 PSYoungGen      total 64512K, used 58464K [0x000000076ab00000, 0x000000076f200000, 0x00000007c0000000)
  eden space 58368K, 100% used [0x000000076ab00000,0x000000076e400000,0x000000076e400000)
  from space 6144K, 1% used [0x000000076ec00000,0x000000076ec18000,0x000000076f200000)
  to   space 7168K, 0% used [0x000000076e400000,0x000000076e400000,0x000000076eb00000)
 ParOldGen       total 175104K, used 2906K [0x00000006c0000000, 0x00000006cab00000, 0x000000076ab00000)
  object space 175104K, 1% used [0x00000006c0000000,0x00000006c02d69f8,0x00000006cab00000)
 Metaspace       used 11611K, capacity 11769K, committed 11904K, reserved 1060864K
  class space    used 1036K, capacity 1106K, committed 1152K, reserved 1048576K
Event: 36.889 GC heap after
Heap after GC invocations=11 (full 0):
 PSYoungGen      total 57856K, used 96K [0x000000076ab00000, 0x000000076f000000, 0x00000007c0000000)
  eden space 57344K, 0% used [0x000000076ab00000,0x000000076ab00000,0x000000076e300000)
  from space 512K, 18% used [0x000000076e400000,0x000000076e418000,0x000000076e480000)
  to   space 6656K, 0% used [0x000000076e980000,0x000000076e980000,0x000000076f000000)
 ParOldGen       total 175104K, used 2914K [0x00000006c0000000, 0x00000006cab00000, 0x000000076ab00000)
  object space 175104K, 1% used [0x00000006c0000000,0x00000006c02d89f8,0x00000006cab00000)
 Metaspace       used 11611K, capacity 11769K, committed 11904K, reserved 1060864K
  class space    used 1036K, capacity 1106K, committed 1152K, reserved 1048576K
}
Event: 39.840 GC heap before
{Heap before GC invocations=12 (full 0):
 PSYoungGen      total 57856K, used 57440K [0x000000076ab00000, 0x000000076f000000, 0x00000007c0000000)
  eden space 57344K, 100% used [0x000000076ab00000,0x000000076e300000,0x000000076e300000)
  from space 512K, 18% used [0x000000076e400000,0x000000076e418000,0x000000076e480000)
  to   space 6656K, 0% used [0x000000076e980000,0x000000076e980000,0x000000076f000000)
 ParOldGen       total 175104K, used 2914K [0x00000006c0000000, 0x00000006cab00000, 0x000000076ab00000)
  object space 175104K, 1% used [0x00000006c0000000,0x00000006c02d89f8,0x00000006cab00000)
 Metaspace       used 11624K, capacity 11769K, committed 11904K, reserved 1060864K
  class space    used 1036K, capacity 1106K, committed 1152K, reserved 1048576K
Event: 39.841 GC heap after
Heap after GC invocations=12 (full 0):
 PSYoungGen      total 61952K, used 96K [0x000000076ab00000, 0x000000076ef00000, 0x00000007c0000000)
  eden space 56320K, 0% used [0x000000076ab00000,0x000000076ab00000,0x000000076e200000)
  from space 5632K, 1% used [0x000000076e980000,0x000000076e998000,0x000000076ef00000)
  to   space 6656K, 0% used [0x000000076e200000,0x000000076e200000,0x000000076e880000)
 ParOldGen       total 175104K, used 2922K [0x00000006c0000000, 0x00000006cab00000, 0x000000076ab00000)
  object space 175104K, 1% used [0x00000006c0000000,0x00000006c02da9f8,0x00000006cab00000)
 Metaspace       used 11624K, capacity 11769K, committed 11904K, reserved 1060864K
  class space    used 1036K, capacity 1106K, committed 1152K, reserved 1048576K
}

